2020-03-30 14:21:47 [scrapy.utils.log] INFO: Scrapy 2.0.0 started (bot: LaGou)
2020-03-30 14:21:47 [scrapy.utils.log] INFO: Versions: lxml 4.5.0.0, libxml2 2.9.10, cssselect 1.1.0, parsel 1.5.2, w3lib 1.21.0, Twisted 19.10.0, Python 3.8.1 (v3.8.1:1b293b6006, Dec 18 2019, 14:08:53) - [Clang 6.0 (clang-600.0.57)], pyOpenSSL 19.1.0 (OpenSSL 1.1.1d  10 Sep 2019), cryptography 2.8, Platform macOS-10.15.4-x86_64-i386-64bit
2020-03-30 14:21:47 [scrapy.crawler] INFO: Overridden settings:
{'BOT_NAME': 'LaGou',
 'LOG_FILE': 'mySpider.log',
 'LOG_LEVEL': 'INFO',
 'NEWSPIDER_MODULE': 'LaGou.spiders',
 'SPIDER_MODULES': ['LaGou.spiders']}
2020-03-30 14:21:47 [scrapy.extensions.telnet] INFO: Telnet Password: 8c2589aab3535f56
2020-03-30 14:21:47 [scrapy.middleware] INFO: Enabled extensions:
['scrapy.extensions.corestats.CoreStats',
 'scrapy.extensions.telnet.TelnetConsole',
 'scrapy.extensions.memusage.MemoryUsage',
 'scrapy.extensions.logstats.LogStats']
2020-03-30 14:21:49 [scrapy.middleware] INFO: Enabled downloader middlewares:
['scrapy.downloadermiddlewares.httpauth.HttpAuthMiddleware',
 'scrapy.downloadermiddlewares.downloadtimeout.DownloadTimeoutMiddleware',
 'scrapy.downloadermiddlewares.defaultheaders.DefaultHeadersMiddleware',
 'LaGou.middlewares.HeaderDownloaderMiddleware',
 'scrapy.downloadermiddlewares.useragent.UserAgentMiddleware',
 'LaGou.middlewares.ChromeDownloadMiddleware',
 'scrapy.downloadermiddlewares.retry.RetryMiddleware',
 'scrapy.downloadermiddlewares.redirect.MetaRefreshMiddleware',
 'scrapy.downloadermiddlewares.httpcompression.HttpCompressionMiddleware',
 'scrapy.downloadermiddlewares.redirect.RedirectMiddleware',
 'scrapy.downloadermiddlewares.cookies.CookiesMiddleware',
 'scrapy.downloadermiddlewares.httpproxy.HttpProxyMiddleware',
 'scrapy.downloadermiddlewares.stats.DownloaderStats']
2020-03-30 14:21:49 [scrapy.middleware] INFO: Enabled spider middlewares:
['scrapy.spidermiddlewares.httperror.HttpErrorMiddleware',
 'scrapy.spidermiddlewares.offsite.OffsiteMiddleware',
 'scrapy.spidermiddlewares.referer.RefererMiddleware',
 'scrapy.spidermiddlewares.urllength.UrlLengthMiddleware',
 'scrapy.spidermiddlewares.depth.DepthMiddleware']
2020-03-30 14:21:49 [scrapy.middleware] INFO: Enabled item pipelines:
['LaGou.pipelines.MySQLTwistedPipline']
2020-03-30 14:21:49 [scrapy.core.engine] INFO: Spider opened
2020-03-30 14:21:49 [scrapy.extensions.logstats] INFO: Crawled 0 pages (at 0 pages/min), scraped 0 items (at 0 items/min)
2020-03-30 14:21:49 [scrapy.extensions.telnet] INFO: Telnet console listening on 127.0.0.1:6023
2020-03-30 14:21:49 [LaGouSpider] INFO: ☎️☎️Scrapy请求！
2020-03-30 14:21:50 [LaGouSpider] INFO: ========  后端开发   ========
2020-03-30 14:21:50 [LaGouSpider] INFO: Java : https://www.lagou.com/beijing-zhaopin/Java/
2020-03-30 14:22:05 [LaGouSpider] INFO: ========  移动开发   ========
2020-03-30 14:22:05 [LaGouSpider] INFO: HTML5 : https://www.lagou.com/beijing-zhaopin/HTML5/
2020-03-30 14:22:23 [LaGouSpider] INFO: ========  前端开发   ========
2020-03-30 14:22:23 [LaGouSpider] INFO: web前端 : https://www.lagou.com/beijing-zhaopin/webqianduan/
2020-03-30 14:22:37 [LaGouSpider] INFO: ✅列表页: 后端开发 : Java : https://www.lagou.com/beijing-zhaopin/Java/
2020-03-30 14:23:07 [LaGouSpider] INFO: ========  人工智能   ========
2020-03-30 14:23:07 [LaGouSpider] INFO: 深度学习 : https://www.lagou.com/beijing-zhaopin/shenduxuexi/
2020-03-30 14:23:25 [scrapy.extensions.logstats] INFO: Crawled 6 pages (at 6 pages/min), scraped 0 items (at 0 items/min)
2020-03-30 14:23:55 [LaGouSpider] INFO: ✅列表页: 移动开发 : HTML5 : https://www.lagou.com/beijing-zhaopin/HTML5/
2020-03-30 14:24:26 [LaGouSpider] INFO: ========  测试   ========
2020-03-30 14:24:26 [LaGouSpider] INFO: 测试工程师 : https://www.lagou.com/beijing-zhaopin/ceshigongchengshi/
2020-03-30 14:24:46 [LaGouSpider] INFO: ✅列表页: 前端开发 : web前端 : https://www.lagou.com/beijing-zhaopin/webqianduan/
2020-03-30 14:25:16 [scrapy.extensions.logstats] INFO: Crawled 9 pages (at 3 pages/min), scraped 0 items (at 0 items/min)
2020-03-30 14:26:00 [scrapy.crawler] INFO: Received SIGINT, shutting down gracefully. Send again to force 
