2020-03-31 13:51:22 [scrapy.utils.log] INFO: Scrapy 2.0.0 started (bot: LaGou)
2020-03-31 13:51:22 [scrapy.utils.log] INFO: Versions: lxml 4.5.0.0, libxml2 2.9.10, cssselect 1.1.0, parsel 1.5.2, w3lib 1.21.0, Twisted 19.10.0, Python 3.8.1 (v3.8.1:1b293b6006, Dec 18 2019, 14:08:53) - [Clang 6.0 (clang-600.0.57)], pyOpenSSL 19.1.0 (OpenSSL 1.1.1d  10 Sep 2019), cryptography 2.8, Platform macOS-10.15.4-x86_64-i386-64bit
2020-03-31 13:51:22 [scrapy.crawler] INFO: Overridden settings:
{'BOT_NAME': 'LaGou',
 'LOG_FILE': 'mySpider.log',
 'LOG_LEVEL': 'INFO',
 'NEWSPIDER_MODULE': 'LaGou.spiders',
 'SPIDER_MODULES': ['LaGou.spiders']}
2020-03-31 13:51:22 [scrapy.extensions.telnet] INFO: Telnet Password: e4b2ac19eb45f064
2020-03-31 13:51:22 [scrapy.middleware] INFO: Enabled extensions:
['scrapy.extensions.corestats.CoreStats',
 'scrapy.extensions.telnet.TelnetConsole',
 'scrapy.extensions.memusage.MemoryUsage',
 'scrapy.extensions.logstats.LogStats']
2020-03-31 13:51:24 [scrapy.middleware] INFO: Enabled downloader middlewares:
['scrapy.downloadermiddlewares.httpauth.HttpAuthMiddleware',
 'scrapy.downloadermiddlewares.downloadtimeout.DownloadTimeoutMiddleware',
 'scrapy.downloadermiddlewares.defaultheaders.DefaultHeadersMiddleware',
 'LaGou.middlewares.HeaderDownloaderMiddleware',
 'scrapy.downloadermiddlewares.useragent.UserAgentMiddleware',
 'LaGou.middlewares.ChromeDownloadMiddleware',
 'scrapy.downloadermiddlewares.retry.RetryMiddleware',
 'scrapy.downloadermiddlewares.redirect.MetaRefreshMiddleware',
 'scrapy.downloadermiddlewares.httpcompression.HttpCompressionMiddleware',
 'scrapy.downloadermiddlewares.redirect.RedirectMiddleware',
 'scrapy.downloadermiddlewares.cookies.CookiesMiddleware',
 'scrapy.downloadermiddlewares.httpproxy.HttpProxyMiddleware',
 'scrapy.downloadermiddlewares.stats.DownloaderStats']
2020-03-31 13:51:24 [scrapy.middleware] INFO: Enabled spider middlewares:
['scrapy.spidermiddlewares.httperror.HttpErrorMiddleware',
 'scrapy.spidermiddlewares.offsite.OffsiteMiddleware',
 'scrapy.spidermiddlewares.referer.RefererMiddleware',
 'scrapy.spidermiddlewares.urllength.UrlLengthMiddleware',
 'scrapy.spidermiddlewares.depth.DepthMiddleware']
2020-03-31 13:51:24 [scrapy.middleware] INFO: Enabled item pipelines:
['LaGou.pipelines.MySQLTwistedPipline']
2020-03-31 13:51:24 [scrapy.core.engine] INFO: Spider opened
2020-03-31 13:51:24 [scrapy.extensions.logstats] INFO: Crawled 0 pages (at 0 pages/min), scraped 0 items (at 0 items/min)
2020-03-31 13:51:24 [scrapy.extensions.telnet] INFO: Telnet console listening on 127.0.0.1:6025
2020-03-31 13:51:25 [scrapy.crawler] INFO: Received SIGINT, shutting down gracefully. Send again to force 
2020-03-31 13:51:25 [LaGouSpider1_5] INFO: ☎️☎️Scrapy请求！
2020-03-31 13:51:25 [scrapy.core.engine] INFO: Closing spider (shutdown)
2020-03-31 13:51:25 [LaGouSpider1_5] INFO: ========  后端开发   ========
2020-03-31 13:51:25 [LaGouSpider1_5] INFO: 搜索算法 : https://www.lagou.com/beijing-zhaopin/sousuosuanfa/
2020-03-31 13:51:35 [scrapy.utils.log] INFO: Scrapy 2.0.0 started (bot: LaGou)
2020-03-31 13:51:35 [scrapy.utils.log] INFO: Versions: lxml 4.5.0.0, libxml2 2.9.10, cssselect 1.1.0, parsel 1.5.2, w3lib 1.21.0, Twisted 19.10.0, Python 3.8.1 (v3.8.1:1b293b6006, Dec 18 2019, 14:08:53) - [Clang 6.0 (clang-600.0.57)], pyOpenSSL 19.1.0 (OpenSSL 1.1.1d  10 Sep 2019), cryptography 2.8, Platform macOS-10.15.4-x86_64-i386-64bit
2020-03-31 13:51:35 [scrapy.crawler] INFO: Overridden settings:
{'BOT_NAME': 'LaGou',
 'LOG_FILE': 'mySpider.log',
 'LOG_LEVEL': 'INFO',
 'NEWSPIDER_MODULE': 'LaGou.spiders',
 'SPIDER_MODULES': ['LaGou.spiders']}
2020-03-31 13:51:35 [scrapy.extensions.telnet] INFO: Telnet Password: 96593c2370c224bf
2020-03-31 13:51:35 [scrapy.middleware] INFO: Enabled extensions:
['scrapy.extensions.corestats.CoreStats',
 'scrapy.extensions.telnet.TelnetConsole',
 'scrapy.extensions.memusage.MemoryUsage',
 'scrapy.extensions.logstats.LogStats']
2020-03-31 13:51:37 [scrapy.middleware] INFO: Enabled downloader middlewares:
['scrapy.downloadermiddlewares.httpauth.HttpAuthMiddleware',
 'scrapy.downloadermiddlewares.downloadtimeout.DownloadTimeoutMiddleware',
 'scrapy.downloadermiddlewares.defaultheaders.DefaultHeadersMiddleware',
 'LaGou.middlewares.HeaderDownloaderMiddleware',
 'scrapy.downloadermiddlewares.useragent.UserAgentMiddleware',
 'LaGou.middlewares.ChromeDownloadMiddleware',
 'scrapy.downloadermiddlewares.retry.RetryMiddleware',
 'scrapy.downloadermiddlewares.redirect.MetaRefreshMiddleware',
 'scrapy.downloadermiddlewares.httpcompression.HttpCompressionMiddleware',
 'scrapy.downloadermiddlewares.redirect.RedirectMiddleware',
 'scrapy.downloadermiddlewares.cookies.CookiesMiddleware',
 'scrapy.downloadermiddlewares.httpproxy.HttpProxyMiddleware',
 'scrapy.downloadermiddlewares.stats.DownloaderStats']
2020-03-31 13:51:37 [scrapy.middleware] INFO: Enabled spider middlewares:
['scrapy.spidermiddlewares.httperror.HttpErrorMiddleware',
 'scrapy.spidermiddlewares.offsite.OffsiteMiddleware',
 'scrapy.spidermiddlewares.referer.RefererMiddleware',
 'scrapy.spidermiddlewares.urllength.UrlLengthMiddleware',
 'scrapy.spidermiddlewares.depth.DepthMiddleware']
2020-03-31 13:51:37 [scrapy.middleware] INFO: Enabled item pipelines:
['LaGou.pipelines.MySQLTwistedPipline']
2020-03-31 13:51:37 [scrapy.core.engine] INFO: Spider opened
2020-03-31 13:51:37 [scrapy.extensions.logstats] INFO: Crawled 0 pages (at 0 pages/min), scraped 0 items (at 0 items/min)
2020-03-31 13:51:37 [scrapy.extensions.telnet] INFO: Telnet console listening on 127.0.0.1:6025
2020-03-31 13:51:38 [LaGouSpider1_5] INFO: ☎️☎️Scrapy请求！
2020-03-31 13:51:38 [LaGouSpider1_5] INFO: ========  后端开发   ========
2020-03-31 13:51:38 [LaGouSpider1_5] INFO: 搜索算法 : https://www.lagou.com/beijing-zhaopin/sousuosuanfa/
2020-03-31 13:51:46 [scrapy.crawler] INFO: Received SIGINT, shutting down gracefully. Send again to force 
2020-03-31 13:51:48 [scrapy.core.engine] INFO: Closing spider (shutdown)
2020-03-31 13:51:48 [urllib3.connectionpool] WARNING: Retrying (Retry(total=2, connect=None, read=None, redirect=None, status=None)) after connection broken by 'NewConnectionError('<urllib3.connection.HTTPConnection object at 0x10a70b070>: Failed to establish a new connection: [Errno 61] Connection refused')': /session/4b67ad784841ddd16fd9bcfce157b179
2020-03-31 13:51:48 [urllib3.connectionpool] WARNING: Retrying (Retry(total=1, connect=None, read=None, redirect=None, status=None)) after connection broken by 'NewConnectionError('<urllib3.connection.HTTPConnection object at 0x10abcef10>: Failed to establish a new connection: [Errno 61] Connection refused')': /session/4b67ad784841ddd16fd9bcfce157b179
2020-03-31 13:51:48 [urllib3.connectionpool] WARNING: Retrying (Retry(total=0, connect=None, read=None, redirect=None, status=None)) after connection broken by 'NewConnectionError('<urllib3.connection.HTTPConnection object at 0x10abcea90>: Failed to establish a new connection: [Errno 61] Connection refused')': /session/4b67ad784841ddd16fd9bcfce157b179
2020-03-31 13:51:48 [scrapy.statscollectors] INFO: Dumping Scrapy stats:
{'downloader/request_bytes': 269,
 'downloader/request_count': 1,
 'downloader/request_method_count/GET': 1,
 'downloader/response_bytes': 38408,
 'downloader/response_count': 1,
 'downloader/response_status_count/200': 1,
 'elapsed_time_seconds': 11.507569,
 'finish_reason': 'shutdown',
 'finish_time': datetime.datetime(2020, 3, 31, 5, 51, 48, 681317),
 'log_count/INFO': 14,
 'log_count/WARNING': 3,
 'memusage/max': 65724416,
 'memusage/startup': 65724416,
 'request_depth_max': 1,
 'response_received_count': 1,
 'scheduler/dequeued': 1,
 'scheduler/dequeued/memory': 1,
 'scheduler/enqueued': 2,
 'scheduler/enqueued/memory': 2,
 'start_time': datetime.datetime(2020, 3, 31, 5, 51, 37, 173748)}
2020-03-31 13:51:48 [scrapy.core.engine] INFO: Spider closed (shutdown)
2020-03-31 13:51:48 [urllib3.connectionpool] WARNING: Retrying (Retry(total=2, connect=None, read=None, redirect=None, status=None)) after connection broken by 'NewConnectionError('<urllib3.connection.HTTPConnection object at 0x10abc5700>: Failed to establish a new connection: [Errno 61] Connection refused')': /session/4b67ad784841ddd16fd9bcfce157b179
2020-03-31 13:51:48 [urllib3.connectionpool] WARNING: Retrying (Retry(total=1, connect=None, read=None, redirect=None, status=None)) after connection broken by 'NewConnectionError('<urllib3.connection.HTTPConnection object at 0x10abc5d00>: Failed to establish a new connection: [Errno 61] Connection refused')': /session/4b67ad784841ddd16fd9bcfce157b179
2020-03-31 13:51:48 [urllib3.connectionpool] WARNING: Retrying (Retry(total=0, connect=None, read=None, redirect=None, status=None)) after connection broken by 'NewConnectionError('<urllib3.connection.HTTPConnection object at 0x10ab391f0>: Failed to establish a new connection: [Errno 61] Connection refused')': /session/4b67ad784841ddd16fd9bcfce157b179
